node:events:496
      throw er; // Unhandled 'error' event
      ^

Error: listen EADDRINUSE: address already in use :::5000
    at Server.setupListenHandle [as _listen2] (node:net:1940:16)
    at listenInCluster (node:net:1997:12)
    at Server.listen (node:net:2102:7)
    at Function.listen (F:\MCA Internship Project\backend\node_modules\express\lib\application.js:635:24)
    at file:///F:/MCA%20Internship%20Project/backend/server.js:46:7
    at process.processTicksAndRejections (node:internal/process/task_queues:105:5)
Emitted 'error' event on Server instance at:
    at emitErrorNT (node:net:1976:8)
    at process.processTicksAndRejections (node:internal/process/task_queues:90:21) {
  code: 'EADDRINUSE',
  errno: -4091,
  syscall: 'listen',
  address: '::',
  port: 5000
}

Node.js v22.18.0
node:events:496
      throw er; // Unhandled 'error' event
      ^

Error: listen EADDRINUSE: address already in use :::5000
    at Server.setupListenHandle [as _listen2] (node:net:1940:16)
    at listenInCluster (node:net:1997:12)
    at Server.listen (node:net:2102:7)
    at Function.listen (F:\MCA Internship Project\backend\node_modules\express\lib\application.js:635:24)
    at file:///F:/MCA%20Internship%20Project/backend/server.js:46:7
    at process.processTicksAndRejections (node:internal/process/task_queues:105:5)
Emitted 'error' event on Server instance at:
    at emitErrorNT (node:net:1976:8)
    at process.processTicksAndRejections (node:internal/process/task_queues:90:21) {
  code: 'EADDRINUSE',
  errno: -4091,
  syscall: 'listen',
  address: '::',
  port: 5000
}

Node.js v22.18.0
node:events:496
      throw er; // Unhandled 'error' event
      ^

Error: listen EADDRINUSE: address already in use :::5000
    at Server.setupListenHandle [as _listen2] (node:net:1940:16)
    at listenInCluster (node:net:1997:12)
    at Server.listen (node:net:2102:7)
    at Function.listen (F:\MCA Internship Project\backend\node_modules\express\lib\application.js:635:24)
    at file:///F:/MCA%20Internship%20Project/backend/server.js:46:7
    at process.processTicksAndRejections (node:internal/process/task_queues:105:5)
Emitted 'error' event on Server instance at:
    at emitErrorNT (node:net:1976:8)
    at process.processTicksAndRejections (node:internal/process/task_queues:90:21) {
  code: 'EADDRINUSE',
  errno: -4091,
  syscall: 'listen',
  address: '::',
  port: 5000
}

Node.js v22.18.0
node:events:496
      throw er; // Unhandled 'error' event
      ^

Error: listen EADDRINUSE: address already in use :::5000
    at Server.setupListenHandle [as _listen2] (node:net:1940:16)
    at listenInCluster (node:net:1997:12)
    at Server.listen (node:net:2102:7)
    at Function.listen (F:\MCA Internship Project\backend\node_modules\express\lib\application.js:635:24)
    at file:///F:/MCA%20Internship%20Project/backend/server.js:46:7
    at process.processTicksAndRejections (node:internal/process/task_queues:105:5)
Emitted 'error' event on Server instance at:
    at emitErrorNT (node:net:1976:8)
    at process.processTicksAndRejections (node:internal/process/task_queues:90:21) {
  code: 'EADDRINUSE',
  errno: -4091,
  syscall: 'listen',
  address: '::',
  port: 5000
}

Node.js v22.18.0
node:events:496
      throw er; // Unhandled 'error' event
      ^

Error: listen EADDRINUSE: address already in use :::5000
    at Server.setupListenHandle [as _listen2] (node:net:1940:16)
    at listenInCluster (node:net:1997:12)
    at Server.listen (node:net:2102:7)
    at Function.listen (F:\MCA Internship Project\backend\node_modules\express\lib\application.js:635:24)
    at file:///F:/MCA%20Internship%20Project/backend/server.js:46:7
    at process.processTicksAndRejections (node:internal/process/task_queues:105:5)
Emitted 'error' event on Server instance at:
    at emitErrorNT (node:net:1976:8)
    at process.processTicksAndRejections (node:internal/process/task_queues:90:21) {
  code: 'EADDRINUSE',
  errno: -4091,
  syscall: 'listen',
  address: '::',
  port: 5000
}

Node.js v22.18.0
node:events:496
      throw er; // Unhandled 'error' event
      ^

Error: listen EADDRINUSE: address already in use :::5000
    at Server.setupListenHandle [as _listen2] (node:net:1940:16)
    at listenInCluster (node:net:1997:12)
    at Server.listen (node:net:2102:7)
    at Function.listen (F:\MCA Internship Project\backend\node_modules\express\lib\application.js:635:24)
    at file:///F:/MCA%20Internship%20Project/backend/server.js:46:7
    at process.processTicksAndRejections (node:internal/process/task_queues:105:5)
Emitted 'error' event on Server instance at:
    at emitErrorNT (node:net:1976:8)
    at process.processTicksAndRejections (node:internal/process/task_queues:90:21) {
  code: 'EADDRINUSE',
  errno: -4091,
  syscall: 'listen',
  address: '::',
  port: 5000
}

Node.js v22.18.0
node:events:496
      throw er; // Unhandled 'error' event
      ^

Error: listen EADDRINUSE: address already in use :::5000
    at Server.setupListenHandle [as _listen2] (node:net:1940:16)
    at listenInCluster (node:net:1997:12)
    at Server.listen (node:net:2102:7)
    at Function.listen (F:\MCA Internship Project\backend\node_modules\express\lib\application.js:635:24)
    at file:///F:/MCA%20Internship%20Project/backend/server.js:46:7
    at process.processTicksAndRejections (node:internal/process/task_queues:105:5)
Emitted 'error' event on Server instance at:
    at emitErrorNT (node:net:1976:8)
    at process.processTicksAndRejections (node:internal/process/task_queues:90:21) {
  code: 'EADDRINUSE',
  errno: -4091,
  syscall: 'listen',
  address: '::',
  port: 5000
}

Node.js v22.18.0
node:events:496
      throw er; // Unhandled 'error' event
      ^

Error: listen EADDRINUSE: address already in use :::5000
    at Server.setupListenHandle [as _listen2] (node:net:1940:16)
    at listenInCluster (node:net:1997:12)
    at Server.listen (node:net:2102:7)
    at Function.listen (F:\MCA Internship Project\backend\node_modules\express\lib\application.js:635:24)
    at file:///F:/MCA%20Internship%20Project/backend/server.js:46:7
    at process.processTicksAndRejections (node:internal/process/task_queues:105:5)
Emitted 'error' event on Server instance at:
    at emitErrorNT (node:net:1976:8)
    at process.processTicksAndRejections (node:internal/process/task_queues:90:21) {
  code: 'EADDRINUSE',
  errno: -4091,
  syscall: 'listen',
  address: '::',
  port: 5000
}

Node.js v22.18.0
(node:18128) MaxListenersExceededWarning: Possible EventEmitter memory leak detected. 11 exit listeners added to [Bus]. MaxListeners is 10. Use emitter.setMaxListeners() to increase limit
(Use `node --trace-warnings ...` to show where the warning was created)
node:events:496
      throw er; // Unhandled 'error' event
      ^

Error: listen EADDRINUSE: address already in use :::5000
    at Server.setupListenHandle [as _listen2] (node:net:1940:16)
    at listenInCluster (node:net:1997:12)
    at Server.listen (node:net:2102:7)
    at Function.listen (F:\MCA Internship Project\backend\node_modules\express\lib\application.js:635:24)
    at file:///F:/MCA%20Internship%20Project/backend/server.js:46:7
    at process.processTicksAndRejections (node:internal/process/task_queues:105:5)
Emitted 'error' event on Server instance at:
    at emitErrorNT (node:net:1976:8)
    at process.processTicksAndRejections (node:internal/process/task_queues:90:21) {
  code: 'EADDRINUSE',
  errno: -4091,
  syscall: 'listen',
  address: '::',
  port: 5000
}

Node.js v22.18.0
node:events:496
      throw er; // Unhandled 'error' event
      ^

Error: listen EADDRINUSE: address already in use :::5000
    at Server.setupListenHandle [as _listen2] (node:net:1940:16)
    at listenInCluster (node:net:1997:12)
    at Server.listen (node:net:2102:7)
    at Function.listen (F:\MCA Internship Project\backend\node_modules\express\lib\application.js:635:24)
    at file:///F:/MCA%20Internship%20Project/backend/server.js:46:7
    at process.processTicksAndRejections (node:internal/process/task_queues:105:5)
Emitted 'error' event on Server instance at:
    at emitErrorNT (node:net:1976:8)
    at process.processTicksAndRejections (node:internal/process/task_queues:90:21) {
  code: 'EADDRINUSE',
  errno: -4091,
  syscall: 'listen',
  address: '::',
  port: 5000
}

Node.js v22.18.0
node:events:496
      throw er; // Unhandled 'error' event
      ^

Error: listen EADDRINUSE: address already in use :::5000
    at Server.setupListenHandle [as _listen2] (node:net:1940:16)
    at listenInCluster (node:net:1997:12)
    at Server.listen (node:net:2102:7)
    at Function.listen (F:\MCA Internship Project\backend\node_modules\express\lib\application.js:635:24)
    at file:///F:/MCA%20Internship%20Project/backend/server.js:46:7
    at process.processTicksAndRejections (node:internal/process/task_queues:105:5)
Emitted 'error' event on Server instance at:
    at emitErrorNT (node:net:1976:8)
    at process.processTicksAndRejections (node:internal/process/task_queues:90:21) {
  code: 'EADDRINUSE',
  errno: -4091,
  syscall: 'listen',
  address: '::',
  port: 5000
}

Node.js v22.18.0
node:events:496
      throw er; // Unhandled 'error' event
      ^

Error: listen EADDRINUSE: address already in use :::5000
    at Server.setupListenHandle [as _listen2] (node:net:1940:16)
    at listenInCluster (node:net:1997:12)
    at Server.listen (node:net:2102:7)
    at Function.listen (F:\MCA Internship Project\backend\node_modules\express\lib\application.js:635:24)
    at file:///F:/MCA%20Internship%20Project/backend/server.js:46:7
    at process.processTicksAndRejections (node:internal/process/task_queues:105:5)
Emitted 'error' event on Server instance at:
    at emitErrorNT (node:net:1976:8)
    at process.processTicksAndRejections (node:internal/process/task_queues:90:21) {
  code: 'EADDRINUSE',
  errno: -4091,
  syscall: 'listen',
  address: '::',
  port: 5000
}

Node.js v22.18.0
node:events:496
      throw er; // Unhandled 'error' event
      ^

Error: listen EADDRINUSE: address already in use :::5000
    at Server.setupListenHandle [as _listen2] (node:net:1940:16)
    at listenInCluster (node:net:1997:12)
    at Server.listen (node:net:2102:7)
    at Function.listen (F:\MCA Internship Project\backend\node_modules\express\lib\application.js:635:24)
    at file:///F:/MCA%20Internship%20Project/backend/server.js:46:7
    at process.processTicksAndRejections (node:internal/process/task_queues:105:5)
Emitted 'error' event on Server instance at:
    at emitErrorNT (node:net:1976:8)
    at process.processTicksAndRejections (node:internal/process/task_queues:90:21) {
  code: 'EADDRINUSE',
  errno: -4091,
  syscall: 'listen',
  address: '::',
  port: 5000
}

Node.js v22.18.0
node:events:496
      throw er; // Unhandled 'error' event
      ^

Error: listen EADDRINUSE: address already in use :::5000
    at Server.setupListenHandle [as _listen2] (node:net:1940:16)
    at listenInCluster (node:net:1997:12)
    at Server.listen (node:net:2102:7)
    at Function.listen (F:\MCA Internship Project\backend\node_modules\express\lib\application.js:635:24)
    at file:///F:/MCA%20Internship%20Project/backend/server.js:46:7
    at process.processTicksAndRejections (node:internal/process/task_queues:105:5)
Emitted 'error' event on Server instance at:
    at emitErrorNT (node:net:1976:8)
    at process.processTicksAndRejections (node:internal/process/task_queues:90:21) {
  code: 'EADDRINUSE',
  errno: -4091,
  syscall: 'listen',
  address: '::',
  port: 5000
}

Node.js v22.18.0
node:internal/modules/esm/resolve:274
    throw new ERR_MODULE_NOT_FOUND(
          ^

Error [ERR_MODULE_NOT_FOUND]: Cannot find module 'F:\MCA Internship Project\backend\src\models\MobileOtp.js' imported from F:\MCA Internship Project\backend\src\routes\authRoutes.js
    at finalizeResolution (node:internal/modules/esm/resolve:274:11)
    at moduleResolve (node:internal/modules/esm/resolve:859:10)
    at defaultResolve (node:internal/modules/esm/resolve:983:11)
    at ModuleLoader.defaultResolve (node:internal/modules/esm/loader:783:12)
    at #cachedDefaultResolve (node:internal/modules/esm/loader:707:25)
    at ModuleLoader.resolve (node:internal/modules/esm/loader:690:38)
    at ModuleLoader.getModuleJobForImport (node:internal/modules/esm/loader:307:38)
    at ModuleJob._link (node:internal/modules/esm/module_job:183:49)
    at process.processTicksAndRejections (node:internal/process/task_queues:105:5) {
  code: 'ERR_MODULE_NOT_FOUND',
  url: 'file:///F:/MCA%20Internship%20Project/backend/src/models/MobileOtp.js'
}

Node.js v22.18.0
node:internal/modules/esm/resolve:274
    throw new ERR_MODULE_NOT_FOUND(
          ^

Error [ERR_MODULE_NOT_FOUND]: Cannot find module 'F:\MCA Internship Project\backend\src\models\MobileOtp.js' imported from F:\MCA Internship Project\backend\src\routes\authRoutes.js
    at finalizeResolution (node:internal/modules/esm/resolve:274:11)
    at moduleResolve (node:internal/modules/esm/resolve:859:10)
    at defaultResolve (node:internal/modules/esm/resolve:983:11)
    at ModuleLoader.defaultResolve (node:internal/modules/esm/loader:783:12)
    at #cachedDefaultResolve (node:internal/modules/esm/loader:707:25)
    at ModuleLoader.resolve (node:internal/modules/esm/loader:690:38)
    at ModuleLoader.getModuleJobForImport (node:internal/modules/esm/loader:307:38)
    at ModuleJob._link (node:internal/modules/esm/module_job:183:49)
    at process.processTicksAndRejections (node:internal/process/task_queues:105:5) {
  code: 'ERR_MODULE_NOT_FOUND',
  url: 'file:///F:/MCA%20Internship%20Project/backend/src/models/MobileOtp.js'
}

Node.js v22.18.0
node:internal/modules/esm/resolve:274
    throw new ERR_MODULE_NOT_FOUND(
          ^

Error [ERR_MODULE_NOT_FOUND]: Cannot find module 'F:\MCA Internship Project\backend\src\models\MobileOtp.js' imported from F:\MCA Internship Project\backend\src\routes\authRoutes.js
    at finalizeResolution (node:internal/modules/esm/resolve:274:11)
    at moduleResolve (node:internal/modules/esm/resolve:859:10)
    at defaultResolve (node:internal/modules/esm/resolve:983:11)
    at ModuleLoader.defaultResolve (node:internal/modules/esm/loader:783:12)
    at #cachedDefaultResolve (node:internal/modules/esm/loader:707:25)
    at ModuleLoader.resolve (node:internal/modules/esm/loader:690:38)
    at ModuleLoader.getModuleJobForImport (node:internal/modules/esm/loader:307:38)
    at ModuleJob._link (node:internal/modules/esm/module_job:183:49)
    at process.processTicksAndRejections (node:internal/process/task_queues:105:5) {
  code: 'ERR_MODULE_NOT_FOUND',
  url: 'file:///F:/MCA%20Internship%20Project/backend/src/models/MobileOtp.js'
}

Node.js v22.18.0
node:internal/modules/esm/resolve:274
    throw new ERR_MODULE_NOT_FOUND(
          ^

Error [ERR_MODULE_NOT_FOUND]: Cannot find module 'F:\MCA Internship Project\backend\src\models\RegistrationOtp.js' imported from F:\MCA Internship Project\backend\src\routes\authRoutes.js
    at finalizeResolution (node:internal/modules/esm/resolve:274:11)
    at moduleResolve (node:internal/modules/esm/resolve:859:10)
    at defaultResolve (node:internal/modules/esm/resolve:983:11)
    at ModuleLoader.defaultResolve (node:internal/modules/esm/loader:783:12)
    at #cachedDefaultResolve (node:internal/modules/esm/loader:707:25)
    at ModuleLoader.resolve (node:internal/modules/esm/loader:690:38)
    at ModuleLoader.getModuleJobForImport (node:internal/modules/esm/loader:307:38)
    at ModuleJob._link (node:internal/modules/esm/module_job:183:49)
    at process.processTicksAndRejections (node:internal/process/task_queues:105:5) {
  code: 'ERR_MODULE_NOT_FOUND',
  url: 'file:///F:/MCA%20Internship%20Project/backend/src/models/RegistrationOtp.js'
}

Node.js v22.18.0
node:internal/modules/esm/resolve:274
    throw new ERR_MODULE_NOT_FOUND(
          ^

Error [ERR_MODULE_NOT_FOUND]: Cannot find module 'F:\MCA Internship Project\backend\src\models\RegistrationOtp.js' imported from F:\MCA Internship Project\backend\src\routes\authRoutes.js
    at finalizeResolution (node:internal/modules/esm/resolve:274:11)
    at moduleResolve (node:internal/modules/esm/resolve:859:10)
    at defaultResolve (node:internal/modules/esm/resolve:983:11)
    at ModuleLoader.defaultResolve (node:internal/modules/esm/loader:783:12)
    at #cachedDefaultResolve (node:internal/modules/esm/loader:707:25)
    at ModuleLoader.resolve (node:internal/modules/esm/loader:690:38)
    at ModuleLoader.getModuleJobForImport (node:internal/modules/esm/loader:307:38)
    at ModuleJob._link (node:internal/modules/esm/module_job:183:49)
    at process.processTicksAndRejections (node:internal/process/task_queues:105:5) {
  code: 'ERR_MODULE_NOT_FOUND',
  url: 'file:///F:/MCA%20Internship%20Project/backend/src/models/RegistrationOtp.js'
}

Node.js v22.18.0
node:internal/modules/esm/resolve:274
    throw new ERR_MODULE_NOT_FOUND(
          ^

Error [ERR_MODULE_NOT_FOUND]: Cannot find module 'F:\MCA Internship Project\backend\src\models\RegistrationOtp.js' imported from F:\MCA Internship Project\backend\src\routes\authRoutes.js
    at finalizeResolution (node:internal/modules/esm/resolve:274:11)
    at moduleResolve (node:internal/modules/esm/resolve:859:10)
    at defaultResolve (node:internal/modules/esm/resolve:983:11)
    at ModuleLoader.defaultResolve (node:internal/modules/esm/loader:783:12)
    at #cachedDefaultResolve (node:internal/modules/esm/loader:707:25)
    at ModuleLoader.resolve (node:internal/modules/esm/loader:690:38)
    at ModuleLoader.getModuleJobForImport (node:internal/modules/esm/loader:307:38)
    at ModuleJob._link (node:internal/modules/esm/module_job:183:49)
    at process.processTicksAndRejections (node:internal/process/task_queues:105:5) {
  code: 'ERR_MODULE_NOT_FOUND',
  url: 'file:///F:/MCA%20Internship%20Project/backend/src/models/RegistrationOtp.js'
}

Node.js v22.18.0
node:internal/modules/esm/resolve:274
    throw new ERR_MODULE_NOT_FOUND(
          ^

Error [ERR_MODULE_NOT_FOUND]: Cannot find module 'F:\MCA Internship Project\backend\src\models\RegistrationOtp.js' imported from F:\MCA Internship Project\backend\src\routes\authRoutes.js
    at finalizeResolution (node:internal/modules/esm/resolve:274:11)
    at moduleResolve (node:internal/modules/esm/resolve:859:10)
    at defaultResolve (node:internal/modules/esm/resolve:983:11)
    at ModuleLoader.defaultResolve (node:internal/modules/esm/loader:783:12)
    at #cachedDefaultResolve (node:internal/modules/esm/loader:707:25)
    at ModuleLoader.resolve (node:internal/modules/esm/loader:690:38)
    at ModuleLoader.getModuleJobForImport (node:internal/modules/esm/loader:307:38)
    at ModuleJob._link (node:internal/modules/esm/module_job:183:49)
    at process.processTicksAndRejections (node:internal/process/task_queues:105:5) {
  code: 'ERR_MODULE_NOT_FOUND',
  url: 'file:///F:/MCA%20Internship%20Project/backend/src/models/RegistrationOtp.js'
}

Node.js v22.18.0
file:///F:/MCA%20Internship%20Project/backend/src/routes/authRoutes.js:8
import MobileOtp from "../models/MobileOtp.js";
^^^^^^^^^^^^^^^^

SyntaxError: Identifier 'MobileOtp' has already been declared
    at compileSourceTextModule (node:internal/modules/esm/utils:346:16)
    at ModuleLoader.moduleStrategy (node:internal/modules/esm/translators:107:18)
    at #translate (node:internal/modules/esm/loader:536:12)
    at ModuleLoader.loadAndTranslate (node:internal/modules/esm/loader:583:27)
    at process.processTicksAndRejections (node:internal/process/task_queues:105:5)
    at async ModuleJob._link (node:internal/modules/esm/module_job:162:19)

Node.js v22.18.0
file:///F:/MCA%20Internship%20Project/backend/src/routes/authRoutes.js:8
import MobileOtp from "../models/MobileOtp.js";
^^^^^^^^^^^^^^^^

SyntaxError: Identifier 'MobileOtp' has already been declared
    at compileSourceTextModule (node:internal/modules/esm/utils:346:16)
    at ModuleLoader.moduleStrategy (node:internal/modules/esm/translators:107:18)
    at #translate (node:internal/modules/esm/loader:536:12)
    at ModuleLoader.loadAndTranslate (node:internal/modules/esm/loader:583:27)
    at process.processTicksAndRejections (node:internal/process/task_queues:105:5)
    at async ModuleJob._link (node:internal/modules/esm/module_job:162:19)

Node.js v22.18.0
node:events:496
      throw er; // Unhandled 'error' event
      ^

Error: listen EADDRINUSE: address already in use :::5000
    at Server.setupListenHandle [as _listen2] (node:net:1940:16)
    at listenInCluster (node:net:1997:12)
    at Server.listen (node:net:2102:7)
    at Function.listen (F:\MCA Internship Project\backend\node_modules\express\lib\application.js:635:24)
    at file:///F:/MCA%20Internship%20Project/backend/server.js:46:7
    at process.processTicksAndRejections (node:internal/process/task_queues:105:5)
Emitted 'error' event on Server instance at:
    at emitErrorNT (node:net:1976:8)
    at process.processTicksAndRejections (node:internal/process/task_queues:90:21) {
  code: 'EADDRINUSE',
  errno: -4091,
  syscall: 'listen',
  address: '::',
  port: 5000
}

Node.js v22.18.0
(node:18128) MaxListenersExceededWarning: Possible EventEmitter memory leak detected. 11 exit listeners added to [Bus]. MaxListeners is 10. Use emitter.setMaxListeners() to increase limit
node:events:496
      throw er; // Unhandled 'error' event
      ^

Error: listen EADDRINUSE: address already in use :::5000
    at Server.setupListenHandle [as _listen2] (node:net:1940:16)
    at listenInCluster (node:net:1997:12)
    at Server.listen (node:net:2102:7)
    at Function.listen (F:\MCA Internship Project\backend\node_modules\express\lib\application.js:635:24)
    at file:///F:/MCA%20Internship%20Project/backend/server.js:46:7
    at process.processTicksAndRejections (node:internal/process/task_queues:105:5)
Emitted 'error' event on Server instance at:
    at emitErrorNT (node:net:1976:8)
    at process.processTicksAndRejections (node:internal/process/task_queues:90:21) {
  code: 'EADDRINUSE',
  errno: -4091,
  syscall: 'listen',
  address: '::',
  port: 5000
}

Node.js v22.18.0
:///F:/MCA%20Internship%20Project/backend/src/models/RegistrationOtp.js'
}

Node.js v22.18.0
file:///F:/MCA%20Internship%20Project/backend/src/routes/authRoutes.js:8
import MobileOtp from "../models/MobileOtp.js";
^^^^^^^^^^^^^^^^

SyntaxError: Identifier 'MobileOtp' has already been declared
    at compileSourceTextModule (node:internal/modules/esm/utils:346:16)
    at ModuleLoader.moduleStrategy (node:internal/modules/esm/translators:107:18)
    at #translate (node:internal/modules/esm/loader:536:12)
    at ModuleLoader.loadAndTranslate (node:internal/modules/esm/loader:583:27)
    at process.processTicksAndRejections (node:internal/process/task_queues:105:5)
    at async ModuleJob._link (node:internal/modules/esm/module_job:162:19)

Node.js v22.18.0
file:///F:/MCA%20Internship%20Project/backend/src/routes/authRoutes.js:8
import MobileOtp from "../models/MobileOtp.js";
^^^^^^^^^^^^^^^^

SyntaxError: Identifier 'MobileOtp' has already been declared
    at compileSourceTextModule (node:internal/modules/esm/utils:346:16)
    at ModuleLoader.moduleStrategy (node:internal/modules/esm/translators:107:18)
    at #translate (node:internal/modules/esm/loader:536:12)
    at ModuleLoader.loadAndTranslate (node:internal/modules/esm/loader:583:27)
    at process.processTicksAndRejections (node:internal/process/task_queues:105:5)
    at async ModuleJob._link (node:internal/modules/esm/module_job:162:19)

Node.js v22.18.0
node:events:496
      throw er; // Unhandled 'error' event
      ^

Error: listen EADDRINUSE: address already in use :::5000
    at Server.setupListenHandle [as _listen2] (node:net:1940:16)
    at listenInCluster (node:net:1997:12)
    at Server.listen (node:net:2102:7)
    at Function.listen (F:\MCA Internship Project\backend\node_modules\express\lib\application.js:635:24)
    at file:///F:/MCA%20Internship%20Project/backend/server.js:46:7
    at process.processTicksAndRejections (node:internal/process/task_queues:105:5)
Emitted 'error' event on Server instance at:
    at emitErrorNT (node:net:1976:8)
    at process.processTicksAndRejections (node:internal/process/task_queues:90:21) {
  code: 'EADDRINUSE',
  errno: -4091,
  syscall: 'listen',
  address: '::',
  port: 5000
}

Node.js v22.18.0
node:events:496
      throw er; // Unhandled 'error' event
      ^

Error: listen EADDRINUSE: address already in use :::5000
    at Server.setupListenHandle [as _listen2] (node:net:1940:16)
    at listenInCluster (node:net:1997:12)
    at Server.listen (node:net:2102:7)
    at Function.listen (F:\MCA Internship Project\backend\node_modules\express\lib\application.js:635:24)
    at file:///F:/MCA%20Internship%20Project/backend/server.js:46:7
    at process.processTicksAndRejections (node:internal/process/task_queues:105:5)
Emitted 'error' event on Server instance at:
    at emitErrorNT (node:net:1976:8)
    at process.processTicksAndRejections (node:internal/process/task_queues:90:21) {
  code: 'EADDRINUSE',
  errno: -4091,
  syscall: 'listen',
  address: '::',
  port: 5000
}

Node.js v22.18.0
node:events:496
      throw er; // Unhandled 'error' event
      ^

Error: listen EADDRINUSE: address already in use :::5000
    at Server.setupListenHandle [as _listen2] (node:net:1940:16)
    at listenInCluster (node:net:1997:12)
    at Server.listen (node:net:2102:7)
    at Function.listen (F:\MCA Internship Project\backend\node_modules\express\lib\application.js:635:24)
    at file:///F:/MCA%20Internship%20Project/backend/server.js:46:7
    at process.processTicksAndRejections (node:internal/process/task_queues:105:5)
Emitted 'error' event on Server instance at:
    at emitErrorNT (node:net:1976:8)
    at process.processTicksAndRejections (node:internal/process/task_queues:90:21) {
  code: 'EADDRINUSE',
  errno: -4091,
  syscall: 'listen',
  address: '::',
  port: 5000
}

Node.js v22.18.0
node:events:496
      throw er; // Unhandled 'error' event
      ^

Error: listen EADDRINUSE: address already in use :::5000
    at Server.setupListenHandle [as _listen2] (node:net:1940:16)
    at listenInCluster (node:net:1997:12)
    at Server.listen (node:net:2102:7)
    at Function.listen (F:\MCA Internship Project\backend\node_modules\express\lib\application.js:635:24)
    at file:///F:/MCA%20Internship%20Project/backend/server.js:46:7
    at process.processTicksAndRejections (node:internal/process/task_queues:105:5)
Emitted 'error' event on Server instance at:
    at emitErrorNT (node:net:1976:8)
    at process.processTicksAndRejections (node:internal/process/task_queues:90:21) {
  code: 'EADDRINUSE',
  errno: -4091,
  syscall: 'listen',
  address: '::',
  port: 5000
}

Node.js v22.18.0
(node:6128) MaxListenersExceededWarning: Possible EventEmitter memory leak detected. 11 exit listeners added to [Bus]. MaxListeners is 10. Use emitter.setMaxListeners() to increase limit
